<?xml version="1.0" encoding="UTF-8" standalone="no"?><testsuite errors="1" failures="0" name="Autenticación de usuario en la pagina web COBA" skipped="0" tests="1" time="34.94" timestamp="2025-10-17 04:14:44"><testcase name="Inicio de sesión Exitoso"><error message="invalid selector: An invalid or illegal selector was specified&#10;  (Session info: chrome=141.0.7390.107)&#10;For documentation on this error, please visit: https://www.selenium.dev/documentation/webdriver/troubleshooting/errors#invalid-selector-exception&#10;Build info: version: '4.29.0', revision: '5fc1ec94cb'&#10;System info: os.name: 'Windows 10', os.arch: 'amd64', os.version: '10.0', java.version: '21.0.7'&#10;Driver info: org.openqa.selenium.chrome.ChromeDriver&#10;Command: [df47bbdc961f6518ba4def83a0d526c5, findElementsFromShadowRoot {using=css selector, shadowId=f.AA82D607B75F411202D8A2BED5740AB4.d.6E4EBFFE2E082769ED0F0A0305243230.e.88, value=//div[@class='sp-at-btn sp-at-btn--primary sp-at-btn--lg']}]&#10;Capabilities {acceptInsecureCerts: true, browserName: chrome, browserVersion: 141.0.7390.107, chrome: {chromedriverVersion: 141.0.7390.78 (2b53b0e231fc..., userDataDir: C:\Users\sdiaz19\AppData\Lo...}, fedcm:accounts: true, goog:chromeOptions: {debuggerAddress: localhost:50021}, networkConnectionEnabled: false, pageLoadStrategy: normal, platformName: windows, proxy: Proxy(), se:cdp: ws://localhost:50021/devtoo..., se:cdpVersion: 141.0.7390.107, setWindowRect: true, strictFileInteractability: false, timeouts: {implicit: 0, pageLoad: 300000, script: 30000}, unhandledPromptBehavior: dismiss and notify, webauthn:extension:credBlob: true, webauthn:extension:largeBlob: true, webauthn:extension:minPinLength: true, webauthn:extension:prf: true, webauthn:virtualAuthenticators: true}&#10;Session ID: df47bbdc961f6518ba4def83a0d526c5" type="org.openqa.selenium.InvalidSelectorException">invalid selector: An invalid or illegal selector was specified
  (Session info: chrome=141.0.7390.107)
For documentation on this error, please visit: https://www.selenium.dev/documentation/webdriver/troubleshooting/errors#invalid-selector-exception
Build info: version: '4.29.0', revision: '5fc1ec94cb'
System info: os.name: 'Windows 10', os.arch: 'amd64', os.version: '10.0', java.version: '21.0.7'
Driver info: org.openqa.selenium.chrome.ChromeDriver
Command: [df47bbdc961f6518ba4def83a0d526c5, findElementsFromShadowRoot {using=css selector, shadowId=f.AA82D607B75F411202D8A2BED5740AB4.d.6E4EBFFE2E082769ED0F0A0305243230.e.88, value=//div[@class='sp-at-btn sp-at-btn--primary sp-at-btn--lg']}]
Capabilities {acceptInsecureCerts: true, browserName: chrome, browserVersion: 141.0.7390.107, chrome: {chromedriverVersion: 141.0.7390.78 (2b53b0e231fc..., userDataDir: C:\Users\sdiaz19\AppData\Lo...}, fedcm:accounts: true, goog:chromeOptions: {debuggerAddress: localhost:50021}, networkConnectionEnabled: false, pageLoadStrategy: normal, platformName: windows, proxy: Proxy(), se:cdp: ws://localhost:50021/devtoo..., se:cdpVersion: 141.0.7390.107, setWindowRect: true, strictFileInteractability: false, timeouts: {implicit: 0, pageLoad: 300000, script: 30000}, unhandledPromptBehavior: dismiss and notify, webauthn:extension:credBlob: true, webauthn:extension:largeBlob: true, webauthn:extension:minPinLength: true, webauthn:extension:prf: true, webauthn:virtualAuthenticators: true}
Session ID: df47bbdc961f6518ba4def83a0d526c5</error><system-err>invalid selector: An invalid or illegal selector was specified
  (Session info: chrome=141.0.7390.107)
For documentation on this error, please visit: https://www.selenium.dev/documentation/webdriver/troubleshooting/errors#invalid-selector-exception
Build info: version: '4.29.0', revision: '5fc1ec94cb'
System info: os.name: 'Windows 10', os.arch: 'amd64', os.version: '10.0', java.version: '21.0.7'
Driver info: org.openqa.selenium.chrome.ChromeDriver
Command: [df47bbdc961f6518ba4def83a0d526c5, findElementsFromShadowRoot {using=css selector, shadowId=f.AA82D607B75F411202D8A2BED5740AB4.d.6E4EBFFE2E082769ED0F0A0305243230.e.88, value=//div[@class='sp-at-btn sp-at-btn--primary sp-at-btn--lg']}]
Capabilities {acceptInsecureCerts: true, browserName: chrome, browserVersion: 141.0.7390.107, chrome: {chromedriverVersion: 141.0.7390.78 (2b53b0e231fc..., userDataDir: C:\Users\sdiaz19\AppData\Lo...}, fedcm:accounts: true, goog:chromeOptions: {debuggerAddress: localhost:50021}, networkConnectionEnabled: false, pageLoadStrategy: normal, platformName: windows, proxy: Proxy(), se:cdp: ws://localhost:50021/devtoo..., se:cdpVersion: 141.0.7390.107, setWindowRect: true, strictFileInteractability: false, timeouts: {implicit: 0, pageLoad: 300000, script: 30000}, unhandledPromptBehavior: dismiss and notify, webauthn:extension:credBlob: true, webauthn:extension:largeBlob: true, webauthn:extension:minPinLength: true, webauthn:extension:prf: true, webauthn:virtualAuthenticators: true}
Session ID: df47bbdc961f6518ba4def83a0d526c5&#13;
testing.tasks.LoginExitoso.performAs(LoginExitoso.java:44)&#13;
testing.stepdefinitions.LoginDefinitions.digitarCredenciales(LoginDefinitions.java:18)&#13;
</system-err></testcase></testsuite>