<?xml version="1.0" encoding="UTF-8" standalone="no"?><testsuite errors="0" failures="0" name="Autenticación de usuario en la pagina web COBA" skipped="0" tests="5" time="187.15" timestamp="2025-11-11 07:31:05"><testcase name="Inicio de sesión Exitoso"/><testcase name="Inicio de sesión con credenciales incorrectas primer intento"/><testcase name="Inicio de sesión con credenciales incorrectas segundo intento"/><testcase name="Inicio de sesión con credenciales incorrectas tercer intento"/><testcase name="Redireccion a desbloqueo virtual luego de Inicio de sesión con credenciales incorrectas tercer intento"/></testsuite>