<?xml version="1.0" encoding="UTF-8" standalone="no"?><testsuite errors="1" failures="0" name="Autenticación de usuario en la pagina web COBA" skipped="0" tests="1" time="5.39" timestamp="2025-10-10 06:14:34"><testcase name="Inicio de sesión Exitoso"><error type="java.lang.NullPointerException"/><system-err>null&#13;
com.google.common.base.Preconditions.checkNotNull(Preconditions.java:904)&#13;
testing.stepdefinitions.LoginDefinitions.digitarCredenciales(LoginDefinitions.java:18)&#13;
✽.el especialista digita su "iparada" y "Bogota123*" correcto(file:///D:/Automatizacion2025/Coba/src/test/resources/features/search/Login.feature:9)&#13;
</system-err></testcase></testsuite>