<?xml version="1.0" encoding="UTF-8" standalone="no"?><testsuite errors="1" failures="0" name="Filtros de Bandeja de Entrada" skipped="0" tests="1" time="32.58" timestamp="2025-10-17 04:17:44"><testcase name="Filtro de solicitudes por todos los estados"><error message="invalid selector: An invalid or illegal selector was specified&#10;  (Session info: chrome=141.0.7390.107)&#10;For documentation on this error, please visit: https://www.selenium.dev/documentation/webdriver/troubleshooting/errors#invalid-selector-exception&#10;Build info: version: '4.29.0', revision: '5fc1ec94cb'&#10;System info: os.name: 'Windows 10', os.arch: 'amd64', os.version: '10.0', java.version: '21.0.7'&#10;Driver info: org.openqa.selenium.chrome.ChromeDriver&#10;Command: [545dbc54e2f311cae34edd732e09ee7c, findElementsFromShadowRoot {using=css selector, shadowId=f.416B46399DDBC2420C3FA3E5ACED56DC.d.BAD3A450881D3967B7F24F73E765976F.e.84, value=//div[@class='sp-at-btn sp-at-btn--primary sp-at-btn--lg']}]&#10;Capabilities {acceptInsecureCerts: true, browserName: chrome, browserVersion: 141.0.7390.107, chrome: {chromedriverVersion: 141.0.7390.78 (2b53b0e231fc..., userDataDir: C:\Users\sdiaz19\AppData\Lo...}, fedcm:accounts: true, goog:chromeOptions: {debuggerAddress: localhost:50176}, networkConnectionEnabled: false, pageLoadStrategy: normal, platformName: windows, proxy: Proxy(), se:cdp: ws://localhost:50176/devtoo..., se:cdpVersion: 141.0.7390.107, setWindowRect: true, strictFileInteractability: false, timeouts: {implicit: 0, pageLoad: 300000, script: 30000}, unhandledPromptBehavior: dismiss and notify, webauthn:extension:credBlob: true, webauthn:extension:largeBlob: true, webauthn:extension:minPinLength: true, webauthn:extension:prf: true, webauthn:virtualAuthenticators: true}&#10;Session ID: 545dbc54e2f311cae34edd732e09ee7c" type="org.openqa.selenium.InvalidSelectorException">invalid selector: An invalid or illegal selector was specified
  (Session info: chrome=141.0.7390.107)
For documentation on this error, please visit: https://www.selenium.dev/documentation/webdriver/troubleshooting/errors#invalid-selector-exception
Build info: version: '4.29.0', revision: '5fc1ec94cb'
System info: os.name: 'Windows 10', os.arch: 'amd64', os.version: '10.0', java.version: '21.0.7'
Driver info: org.openqa.selenium.chrome.ChromeDriver
Command: [545dbc54e2f311cae34edd732e09ee7c, findElementsFromShadowRoot {using=css selector, shadowId=f.416B46399DDBC2420C3FA3E5ACED56DC.d.BAD3A450881D3967B7F24F73E765976F.e.84, value=//div[@class='sp-at-btn sp-at-btn--primary sp-at-btn--lg']}]
Capabilities {acceptInsecureCerts: true, browserName: chrome, browserVersion: 141.0.7390.107, chrome: {chromedriverVersion: 141.0.7390.78 (2b53b0e231fc..., userDataDir: C:\Users\sdiaz19\AppData\Lo...}, fedcm:accounts: true, goog:chromeOptions: {debuggerAddress: localhost:50176}, networkConnectionEnabled: false, pageLoadStrategy: normal, platformName: windows, proxy: Proxy(), se:cdp: ws://localhost:50176/devtoo..., se:cdpVersion: 141.0.7390.107, setWindowRect: true, strictFileInteractability: false, timeouts: {implicit: 0, pageLoad: 300000, script: 30000}, unhandledPromptBehavior: dismiss and notify, webauthn:extension:credBlob: true, webauthn:extension:largeBlob: true, webauthn:extension:minPinLength: true, webauthn:extension:prf: true, webauthn:virtualAuthenticators: true}
Session ID: 545dbc54e2f311cae34edd732e09ee7c</error><system-err>invalid selector: An invalid or illegal selector was specified
  (Session info: chrome=141.0.7390.107)
For documentation on this error, please visit: https://www.selenium.dev/documentation/webdriver/troubleshooting/errors#invalid-selector-exception
Build info: version: '4.29.0', revision: '5fc1ec94cb'
System info: os.name: 'Windows 10', os.arch: 'amd64', os.version: '10.0', java.version: '21.0.7'
Driver info: org.openqa.selenium.chrome.ChromeDriver
Command: [545dbc54e2f311cae34edd732e09ee7c, findElementsFromShadowRoot {using=css selector, shadowId=f.416B46399DDBC2420C3FA3E5ACED56DC.d.BAD3A450881D3967B7F24F73E765976F.e.84, value=//div[@class='sp-at-btn sp-at-btn--primary sp-at-btn--lg']}]
Capabilities {acceptInsecureCerts: true, browserName: chrome, browserVersion: 141.0.7390.107, chrome: {chromedriverVersion: 141.0.7390.78 (2b53b0e231fc..., userDataDir: C:\Users\sdiaz19\AppData\Lo...}, fedcm:accounts: true, goog:chromeOptions: {debuggerAddress: localhost:50176}, networkConnectionEnabled: false, pageLoadStrategy: normal, platformName: windows, proxy: Proxy(), se:cdp: ws://localhost:50176/devtoo..., se:cdpVersion: 141.0.7390.107, setWindowRect: true, strictFileInteractability: false, timeouts: {implicit: 0, pageLoad: 300000, script: 30000}, unhandledPromptBehavior: dismiss and notify, webauthn:extension:credBlob: true, webauthn:extension:largeBlob: true, webauthn:extension:minPinLength: true, webauthn:extension:prf: true, webauthn:virtualAuthenticators: true}
Session ID: 545dbc54e2f311cae34edd732e09ee7c&#13;
testing.tasks.LoginExitoso.performAs(LoginExitoso.java:44)&#13;
testing.stepdefinitions.LoginDefinitions.digitarCredenciales(LoginDefinitions.java:18)&#13;
</system-err></testcase></testsuite>